<?xml version="1.0" encoding="UTF-8"?>
<testng-results ignored="0" total="1" passed="1" failed="0" skipped="0">
  <reporter-output>
  </reporter-output>
  <suite started-at="2021-12-13T08:52:21Z" name="Suite" finished-at="2021-12-13T08:53:26Z" duration-ms="64986">
    <groups>
    </groups>
    <test started-at="2021-12-13T08:52:21Z" name="TestNG" finished-at="2021-12-13T08:53:26Z" duration-ms="64986">
      <class name="DemoProject.TestCases.Tc_LoginTest_001">
        <test-method is-config="true" signature="setup(java.lang.String)[pri:0, instance:DemoProject.TestCases.Tc_LoginTest_001@626abbd0]" started-at="2021-12-13T08:52:21Z" name="setup" finished-at="2021-12-13T08:52:29Z" duration-ms="8145" status="PASS">
          <params>
            <param index="0">
              <value>
                <![CDATA[chrome]]>
              </value>
            </param>
          </params>
          <reporter-output>
          </reporter-output>
        </test-method> <!-- setup -->
        <test-method signature="LoginTest()[pri:0, instance:DemoProject.TestCases.Tc_LoginTest_001@626abbd0]" started-at="2021-12-13T08:52:29Z" name="LoginTest" finished-at="2021-12-13T08:53:26Z" duration-ms="56300" status="PASS">
          <reporter-output>
          </reporter-output>
        </test-method> <!-- LoginTest -->
        <test-method is-config="true" signature="teardown()[pri:0, instance:DemoProject.TestCases.Tc_LoginTest_001@626abbd0]" started-at="2021-12-13T08:53:26Z" name="teardown" finished-at="2021-12-13T08:53:26Z" duration-ms="194" status="PASS">
          <reporter-output>
          </reporter-output>
        </test-method> <!-- teardown -->
      </class> <!-- DemoProject.TestCases.Tc_LoginTest_001 -->
    </test> <!-- TestNG -->
  </suite> <!-- Suite -->
</testng-results>
